0 info it worked if it ends with ok
1 verbose cli [ '/usr/local/Cellar/node/0.10.26/bin/node',
1 verbose cli   '/usr/local/bin/npm',
1 verbose cli   'install',
1 verbose cli   '--save-dev',
1 verbose cli   'jquery' ]
2 info using npm@1.4.3
3 info using node@v0.10.26
4 verbose readDependencies using package.json deps
5 verbose cache add [ 'jquery', null ]
6 verbose cache add name=undefined spec="jquery" args=["jquery",null]
7 verbose parsed url { protocol: null,
7 verbose parsed url   slashes: null,
7 verbose parsed url   auth: null,
7 verbose parsed url   host: null,
7 verbose parsed url   port: null,
7 verbose parsed url   hostname: null,
7 verbose parsed url   hash: null,
7 verbose parsed url   search: null,
7 verbose parsed url   query: null,
7 verbose parsed url   pathname: 'jquery',
7 verbose parsed url   path: 'jquery',
7 verbose parsed url   href: 'jquery' }
8 silly lockFile 6f2ab963-jquery jquery
9 verbose lock jquery /Users/nickbottomley/.npm/6f2ab963-jquery.lock
10 silly lockFile 6f2ab963-jquery jquery
11 silly lockFile 6f2ab963-jquery jquery
12 verbose addNamed [ 'jquery', '' ]
13 verbose addNamed [ null, '*' ]
14 silly lockFile 039e748d-jquery jquery@
15 verbose lock jquery@ /Users/nickbottomley/.npm/039e748d-jquery.lock
16 silly addNameRange { name: 'jquery', range: '*', hasData: false }
17 verbose url raw jquery
18 verbose url resolving [ 'https://registry.npmjs.org/', './jquery' ]
19 verbose url resolved https://registry.npmjs.org/jquery
20 info trying registry request attempt 1 at 10:43:32
21 verbose etag "BP7TZ0VK99REG4DTG9WCPX5O4"
22 http GET https://registry.npmjs.org/jquery
23 http 200 https://registry.npmjs.org/jquery
24 silly registry.get cb [ 200,
24 silly registry.get   { date: 'Fri, 18 Jul 2014 17:43:33 GMT',
24 silly registry.get     server: 'CouchDB/1.5.0 (Erlang OTP/R16B03)',
24 silly registry.get     etag: '"6P9Q2E3JFJX5K8RSEE27GPDT2"',
24 silly registry.get     'content-type': 'application/json',
24 silly registry.get     'cache-control': 'max-age=60',
24 silly registry.get     'content-length': '46823',
24 silly registry.get     'accept-ranges': 'bytes',
24 silly registry.get     via: '1.1 varnish',
24 silly registry.get     age: '4062',
24 silly registry.get     'x-served-by': 'cache-sjc3132-SJC',
24 silly registry.get     'x-cache': 'HIT',
24 silly registry.get     'x-cache-hits': '1',
24 silly registry.get     'x-timer': 'S1405705413.839239,VS0,VE33',
24 silly registry.get     vary: 'Accept',
24 silly registry.get     'keep-alive': 'timeout=10, max=50',
24 silly registry.get     connection: 'Keep-Alive' } ]
25 silly addNameRange number 2 { name: 'jquery', range: '*', hasData: true }
26 silly addNameRange versions [ 'jquery',
26 silly addNameRange   [ '1.5.1',
26 silly addNameRange     '1.6.2',
26 silly addNameRange     '1.6.3',
26 silly addNameRange     '1.7.2',
26 silly addNameRange     '1.7.3',
26 silly addNameRange     '1.8.2',
26 silly addNameRange     '1.8.3',
26 silly addNameRange     '2.1.0-beta2',
26 silly addNameRange     '2.1.0-beta3',
26 silly addNameRange     '1.11.0-beta3',
26 silly addNameRange     '1.11.0-rc1',
26 silly addNameRange     '2.1.0-rc1',
26 silly addNameRange     '1.11.0',
26 silly addNameRange     '2.1.0',
26 silly addNameRange     '2.1.1-beta1',
26 silly addNameRange     '1.11.1-beta1',
26 silly addNameRange     '2.1.1-rc1',
26 silly addNameRange     '1.11.1-rc1',
26 silly addNameRange     '2.1.1-rc2',
26 silly addNameRange     '1.11.1-rc2',
26 silly addNameRange     '2.1.1',
26 silly addNameRange     '1.11.1',
26 silly addNameRange     '1.9.1' ] ]
27 verbose addNamed [ 'jquery', '2.1.1' ]
28 verbose addNamed [ '2.1.1', '2.1.1' ]
29 silly lockFile d79e7587-jquery-2-1-1 jquery@2.1.1
30 verbose lock jquery@2.1.1 /Users/nickbottomley/.npm/d79e7587-jquery-2-1-1.lock
31 silly lockFile d79e7587-jquery-2-1-1 jquery@2.1.1
32 silly lockFile d79e7587-jquery-2-1-1 jquery@2.1.1
33 silly lockFile 039e748d-jquery jquery@
34 silly lockFile 039e748d-jquery jquery@
35 silly resolved [ { name: 'jquery',
35 silly resolved     title: 'jQuery',
35 silly resolved     description: 'JavaScript library for DOM operations',
35 silly resolved     version: '2.1.1',
35 silly resolved     main: 'dist/jquery.js',
35 silly resolved     homepage: 'http://jquery.com',
35 silly resolved     author:
35 silly resolved      { name: 'jQuery Foundation and other contributors',
35 silly resolved        url: 'https://github.com/jquery/jquery/blob/2.1.1/AUTHORS.txt' },
35 silly resolved     repository: { type: 'git', url: 'https://github.com/jquery/jquery.git' },
35 silly resolved     keywords: [ 'jquery', 'javascript', 'browser', 'library' ],
35 silly resolved     bugs: { url: 'http://bugs.jquery.com' },
35 silly resolved     licenses: [ [Object] ],
35 silly resolved     dependencies: {},
35 silly resolved     devDependencies:
35 silly resolved      { commitplease: '1.7.0',
35 silly resolved        grunt: '0.4.2',
35 silly resolved        'grunt-bowercopy': '0.7.1',
35 silly resolved        'grunt-cli': '0.1.13',
35 silly resolved        'grunt-compare-size': '0.4.0',
35 silly resolved        'grunt-contrib-jshint': '0.8.0',
35 silly resolved        'grunt-contrib-uglify': '0.3.2',
35 silly resolved        'grunt-contrib-watch': '0.5.3',
35 silly resolved        'grunt-git-authors': '1.2.0',
35 silly resolved        'grunt-jscs-checker': '0.4.1',
35 silly resolved        'grunt-jsonlint': '1.0.4',
35 silly resolved        'gzip-js': '0.3.2',
35 silly resolved        'load-grunt-tasks': '0.3.0',
35 silly resolved        requirejs: '2.1.10',
35 silly resolved        testswarm: '1.1.0' },
35 silly resolved     scripts:
35 silly resolved      { build: 'npm install && grunt',
35 silly resolved        start: 'grunt watch',
35 silly resolved        test: 'grunt' },
35 silly resolved     readme: '[jQuery](http://jquery.com/) - New Wave JavaScript\n==================================================\n\nContribution Guides\n--------------------------------------\n\nIn the spirit of open source software development, jQuery always encourages community code contribution. To help you get started and before you jump into writing code, be sure to read these important contribution guidelines thoroughly:\n\n1. [Getting Involved](http://contribute.jquery.org/)\n2. [Core Style Guide](http://contribute.jquery.org/style-guide/js/)\n3. [Writing Code for jQuery Foundation Projects](http://contribute.jquery.org/code/)\n\n\nEnvironments in which to use jQuery\n--------------------------------------\n\n- [Browser support](http://jquery.com/browser-support/) differs between the master (2.x) branch and the 1.x-master branch. Specifically, 2.x does not support legacy browsers such as IE6-8. The jQuery team continues to provide support for legacy browsers on the 1.x-master branch. Use the latest 1.x release if support for those browsers is required. See [browser support](http://jquery.com/browser-support/) for more info.\n- To use jQuery in Node, browser extensions, and other non-browser environments, use only **2.x** releases. 1.x does not support these environments.\n\n\nWhat you need to build your own jQuery\n--------------------------------------\n\nIn order to build jQuery, you need to have Node.js/npm latest and git 1.7 or later.\n(Earlier versions might work OK, but are not tested.)\n\nFor Windows you have to download and install [git](http://git-scm.com/downloads) and [Node.js](http://nodejs.org/download/).\n\nMac OS users should install [Homebrew](http://mxcl.github.com/homebrew/). Once Homebrew is installed, run `brew install git` to install git,\nand `brew install node` to install Node.js.\n\nLinux/BSD users should use their appropriate package managers to install git and Node.js, or build from source\nif you swing that way. Easy-peasy.\n\n\nHow to build your own jQuery\n----------------------------\n\nClone a copy of the main jQuery git repo by running:\n\n```bash\ngit clone git://github.com/jquery/jquery.git\n```\n\nEnter the jquery directory and run the build script:\n```bash\ncd jquery && npm run build\n```\nThe built version of jQuery will be put in the `dist/` subdirectory, along with the minified copy and associated map file.\n\nIf you want create custom build or help with jQuery development, it would be better to install [grunt command line interface](https://github.com/gruntjs/grunt-cli) as a global package:\n\n```\nnpm install -g grunt-cli\n```\nMake sure you have `grunt` installed by testing:\n```\ngrunt -v\n```\n\nNow by running `grunt` command, in the jquery directory, you could build full version of jQuery, just like with `npm run build` command:\n```\ngrunt\n```\n\nThere are many other tasks available for jQuery Core:\n```\ngrunt -help\n```\n\n### Modules\n\nSpecial builds can be created that exclude subsets of jQuery functionality.\nThis allows for smaller custom builds when the builder is certain that those parts of jQuery are not being used.\nFor example, an app that only used JSONP for `$.ajax()` and did not need to calculate offsets or positions of elements could exclude the offset and ajax/xhr modules.\n\nAny module may be excluded except for `core`, and `selector`. To exclude a module, pass its path relative to the `src` folder (without the `.js` extension).\n\nSome example modules that can be excluded are:\n\n- **ajax**: All AJAX functionality: `$.ajax()`, `$.get()`, `$.post()`, `$.ajaxSetup()`, `.load()`, transports, and ajax event shorthands such as `.ajaxStart()`.\n- **ajax/xhr**: The XMLHTTPRequest AJAX transport only.\n- **ajax/script**: The `<script>` AJAX transport only; used to retrieve scripts.\n- **ajax/jsonp**: The JSONP AJAX transport only; depends on the ajax/script transport.\n- **css**: The `.css()` method plus non-animated `.show()`, `.hide()` and `.toggle()`. Also removes **all** modules depending on css (including **effects**, **dimensions**, and **offset**).\n- **deprecated**: Methods documented as deprecated but not yet removed; currently only `.andSelf()`.\n- **dimensions**: The `.width()` and `.height()` methods, including `inner-` and `outer-` variations.\n- **effects**: The `.animate()` method and its shorthands such as `.slideUp()` or `.hide("slow")`.\n- **event**: The `.on()` and `.off()` methods and all event functionality. Also removes `event/alias`.\n- **event/alias**: All event attaching/triggering shorthands like `.click()` or `.mouseover()`.\n- **offset**: The `.offset()`, `.position()`, `.offsetParent()`, `.scrollLeft()`, and `.scrollTop()` methods.\n- **wrap**: The `.wrap()`, `.wrapAll()`, `.wrapInner()`, and `.unwrap()` methods.\n- **core/ready**: Exclude the ready module if you place your scripts at the end of the body. Any ready callbacks bound with `jQuery()` will simply be called immediately. However, `jQuery(document).ready()` will not be a function and `.on("ready", ...)` or similar will not be triggered.\n- **deferred**: Exclude jQuery.Deferred. This also removes jQuery.Callbacks. *Note* that modules that depend on jQuery.Deferred(AJAX, effects, core/ready) will not be removed and will still expect jQuery.Deferred to be there. Include your own jQuery.Deferred implementation or exclude those modules as well (`grunt custom:-deferred,-ajax,-effects,-core/ready`).\n- **exports/global**: Exclude the attachment of global jQuery variables ($ and jQuery) to the window.\n- **exports/amd**: Exclude the AMD definition.\n\nAs a special case, you may also replace Sizzle by using a special flag `grunt custom:-sizzle`.\n\n- **sizzle**: The Sizzle selector engine. When this module is excluded, it is replaced by a rudimentary selector engine based on the browser\'s `querySelectorAll` method that does not support jQuery selector extensions or enhanced semantics. See the selector-native.js file for details.\n\n*Note*: Excluding Sizzle will also exclude all jQuery selector extensions (such as `effects/animatedSelector` and `css/hiddenVisibleSelectors`).\n\nThe build process shows a message for each dependent module it excludes or includes.\n\n##### AMD name\n\nAs an option, you can set the module name for jQuery\'s AMD definition. By default, it is set to "jquery", which plays nicely with plugins and third-party libraries, but there may be cases where you\'d like to change this. Simply set the `"amd"` option:\n\n```bash\ngrunt custom --amd="custom-name"\n```\n\nOr, to define anonymously, set the name to an empty string.\n\n```bash\ngrunt custom --amd=""\n```\n\n#### Custom Build Examples\n\nTo create a custom build of the latest stable version, first check out the version:\n\n```bash\ngit pull; git checkout $(git describe --abbrev=0 --tags)\n```\n\nThen, make sure all Node dependencies are installed:\n\n```bash\nnpm install\n```\n\nCreate the custom build using the `grunt custom` option, listing the modules to be excluded.\n\nExclude all **ajax** functionality:\n\n```bash\ngrunt custom:-ajax\n```\n\nExcluding **css** removes modules depending on CSS: **effects**, **offset**, **dimensions**.\n\n```bash\ngrunt custom:-css\n```\n\nExclude a bunch of modules:\n\n```bash\ngrunt custom:-ajax,-css,-deprecated,-dimensions,-effects,-event/alias,-offset,-wrap\n```\n\nFor questions or requests regarding custom builds, please start a thread on the [Developing jQuery Core](https://forum.jquery.com/developing-jquery-core) section of the forum. Due to the combinatorics and custom nature of these builds, they are not regularly tested in jQuery\'s unit test process. The non-Sizzle selector engine currently does not pass unit tests because it is missing too much essential functionality.\n\nRunning the Unit Tests\n--------------------------------------\n\nMake sure you have the necessary dependencies:\n\n```bash\nnpm install\n```\n\nStart `grunt watch` or `npm start` to auto-build jQuery as you work:\n\n```bash\ncd jquery && grunt watch\n```\n\n\nRun the unit tests with a local server that supports PHP. Ensure that you run the site from the root directory, not the "test" directory. No database is required. Pre-configured php local servers are available for Windows and Mac. Here are some options:\n\n- Windows: [WAMP download](http://www.wampserver.com/en/)\n- Mac: [MAMP download](http://www.mamp.info/en/index.html)\n- Linux: [Setting up LAMP](https://www.linux.com/learn/tutorials/288158-easy-lamp-server-installation)\n- [Mongoose (most platforms)](http://code.google.com/p/mongoose/)\n\n\n\n\nBuilding to a different directory\n---------------------------------\n\nTo copy the built jQuery files from `/dist` to another directory:\n\n```bash\ngrunt && grunt dist:/path/to/special/location/\n```\nWith this example, the output files would be:\n\n```bash\n/path/to/special/location/jquery.js\n/path/to/special/location/jquery.min.js\n```\n\nTo add a permanent copy destination, create a file in `dist/` called ".destination.json". Inside the file, paste and customize the following:\n\n```json\n\n{\n  "/Absolute/path/to/other/destination": true\n}\n```\n\nAdditionally, both methods can be combined.\n\n\n\nEssential Git\n-------------\n\nAs the source code is handled by the Git version control system, it\'s useful to know some features used.\n\n### Cleaning ###\n\nIf you want to purge your working directory back to the status of upstream, following commands can be used (remember everything you\'ve worked on is gone after these):\n\n```bash\ngit reset --hard upstream/master\ngit clean -fdx\n```\n\n### Rebasing ###\n\nFor feature/topic branches, you should always use the `--rebase` flag to `git pull`, or if you are usually handling many temporary "to be in a github pull request" branches, run following to automate this:\n\n```bash\ngit config branch.autosetuprebase local\n```\n(see `man git-config` for more information)\n\n### Handling merge conflicts ###\n\nIf you\'re getting merge conflicts when merging, instead of editing the conflicted files manually, you can use the feature\n`git mergetool`. Even though the default tool `xxdiff` looks awful/old, it\'s rather useful.\n\nFollowing are some commands that can be used there:\n\n* `Ctrl + Alt + M` - automerge as much as possible\n* `b` - jump to next merge conflict\n* `s` - change the order of the conflicted lines\n* `u` - undo a merge\n* `left mouse button` - mark a block to be the winner\n* `middle mouse button` - mark a line to be the winner\n* `Ctrl + S` - save\n* `Ctrl + Q` - quit\n\n[QUnit](http://api.qunitjs.com) Reference\n-----------------\n\n### Test methods ###\n\n```js\nexpect( numAssertions );\nstop();\nstart();\n```\n\n\nNote: QUnit\'s eventual addition of an argument to stop/start is ignored in this test suite so that start and stop can be passed as callbacks without worrying about their parameters\n\n### Test assertions ###\n\n\n```js\nok( value, [message] );\nequal( actual, expected, [message] );\nnotEqual( actual, expected, [message] );\ndeepEqual( actual, expected, [message] );\nnotDeepEqual( actual, expected, [message] );\nstrictEqual( actual, expected, [message] );\nnotStrictEqual( actual, expected, [message] );\nthrows( block, [expected], [message] );\n```\n\n\nTest Suite Convenience Methods Reference (See [test/data/testinit.js](https://github.com/jquery/jquery/blob/master/test/data/testinit.js))\n------------------------------\n\n### Returns an array of elements with the given IDs ###\n\n```js\nq( ... );\n```\n\nExample:\n\n```js\nq("main", "foo", "bar");\n\n=> [ div#main, span#foo, input#bar ]\n```\n\n### Asserts that a selection matches the given IDs ###\n\n```js\nt( testName, selector, [ "array", "of", "ids" ] );\n```\n\nExample:\n\n```js\nt("Check for something", "//[a]", ["foo", "baar"]);\n```\n\n\n\n### Fires a native DOM event without going through jQuery ###\n\n```js\nfireNative( node, eventType )\n```\n\nExample:\n\n```js\nfireNative( jQuery("#elem")[0], "click" );\n```\n\n### Add random number to url to stop caching ###\n\n```js\nurl( "some/url.php" );\n```\n\nExample:\n\n```js\nurl("data/test.html");\n\n=> "data/test.html?10538358428943"\n\n\nurl("data/test.php?foo=bar");\n\n=> "data/test.php?foo=bar&10538358345554"\n```\n\n\n### Load tests in an iframe ###\n\nLoads a given page constructing a url with fileName: `"./data/" + fileName + ".html"`\nand fires the given callback on jQuery ready (using the jQuery loading from that page)\nand passes the iFrame\'s jQuery to the callback.\n\n```js\ntestIframe( fileName, testName, callback );\n```\n\nCallback arguments:\n\n```js\ncallback( jQueryFromIFrame, iFrameWindow, iFrameDocument );\n```\n\n### Load tests in an iframe (window.iframeCallback) ###\n\nLoads a given page constructing a url with fileName: `"./data/" + fileName + ".html"`\nThe given callback is fired when window.iframeCallback is called by the page.\nThe arguments passed to the callback are the same as the\narguments passed to window.iframeCallback, whatever that may be\n\n```js\ntestIframeWithCallback( testName, fileName, callback );\n```\n\nQuestions?\n----------\n\nIf you have any questions, please feel free to ask on the\n[Developing jQuery Core forum](http://forum.jquery.com/developing-jquery-core) or in #jquery on irc.freenode.net.\n',
35 silly resolved     readmeFilename: 'README.md',
35 silly resolved     _id: 'jquery@2.1.1',
35 silly resolved     _from: 'jquery@' } ]
36 info install jquery@2.1.1 into /Users/nickbottomley/Documents/dev/experiments/jquery-controls
37 info installOne jquery@2.1.1
38 info /Users/nickbottomley/Documents/dev/experiments/jquery-controls/node_modules/jquery unbuild
39 verbose tar unpack /Users/nickbottomley/.npm/jquery/2.1.1/package.tgz
40 silly lockFile d39d6eae-ery-controls-node-modules-jquery tar:///Users/nickbottomley/Documents/dev/experiments/jquery-controls/node_modules/jquery
41 verbose lock tar:///Users/nickbottomley/Documents/dev/experiments/jquery-controls/node_modules/jquery /Users/nickbottomley/.npm/d39d6eae-ery-controls-node-modules-jquery.lock
42 silly lockFile 9a329b8b-ley-npm-jquery-2-1-1-package-tgz tar:///Users/nickbottomley/.npm/jquery/2.1.1/package.tgz
43 verbose lock tar:///Users/nickbottomley/.npm/jquery/2.1.1/package.tgz /Users/nickbottomley/.npm/9a329b8b-ley-npm-jquery-2-1-1-package-tgz.lock
44 silly gunzTarPerm modes [ '755', '644' ]
45 silly gunzTarPerm extractEntry package.json
46 silly gunzTarPerm extractEntry .npmignore
47 silly gunzTarPerm extractEntry README.md
48 silly gunzTarPerm extractEntry MIT-LICENSE.txt
49 silly gunzTarPerm extractEntry CONTRIBUTING.md
50 silly gunzTarPerm extractEntry .jscsrc
51 silly gunzTarPerm extractEntry .bowerrc
52 silly gunzTarPerm extractEntry bower.json
53 silly gunzTarPerm extractEntry dist/jquery.js
54 silly gunzTarPerm extractEntry dist/jquery.min.js
55 silly gunzTarPerm extractEntry dist/cdn/jquery-2.1.1.js
56 silly gunzTarPerm extractEntry dist/cdn/jquery-2.1.1.min.js
57 silly gunzTarPerm extractEntry dist/cdn/jquery-2.1.1.min.map
58 silly gunzTarPerm extractEntry dist/jquery.min.map
59 silly gunzTarPerm extractEntry AUTHORS.txt
60 silly gunzTarPerm extractEntry src/wrap.js
61 silly gunzTarPerm extractEntry src/dimensions.js
62 silly gunzTarPerm extractEntry src/effects.js
63 silly gunzTarPerm extractEntry src/event.js
64 silly gunzTarPerm extractEntry src/deprecated.js
65 silly gunzTarPerm extractEntry src/intro.js
66 silly gunzTarPerm extractEntry src/jquery.js
67 silly gunzTarPerm extractEntry src/manipulation.js
68 silly gunzTarPerm extractEntry src/offset.js
69 silly gunzTarPerm extractEntry src/outro.js
70 silly gunzTarPerm extractEntry src/deferred.js
71 silly gunzTarPerm extractEntry src/queue.js
72 silly gunzTarPerm extractEntry src/data.js
73 silly gunzTarPerm extractEntry src/selector-native.js
74 silly gunzTarPerm extractEntry src/css.js
75 silly gunzTarPerm extractEntry src/selector-sizzle.js
76 silly gunzTarPerm extractEntry src/core.js
77 silly gunzTarPerm extractEntry src/selector.js
78 silly gunzTarPerm extractEntry src/callbacks.js
79 silly gunzTarPerm extractEntry src/serialize.js
80 silly gunzTarPerm extractEntry src/attributes.js
81 silly gunzTarPerm extractEntry src/traversing.js
82 silly gunzTarPerm extractEntry src/ajax.js
83 silly gunzTarPerm extractEntry src/data/Data.js
84 silly gunzTarPerm extractEntry src/data/accepts.js
85 silly gunzTarPerm extractEntry src/data/var/data_priv.js
86 silly gunzTarPerm extractEntry src/data/var/data_user.js
87 silly gunzTarPerm extractEntry src/event/alias.js
88 silly gunzTarPerm extractEntry src/event/support.js
89 silly gunzTarPerm extractEntry src/queue/delay.js
90 silly gunzTarPerm extractEntry src/core/access.js
91 silly gunzTarPerm extractEntry src/core/init.js
92 silly gunzTarPerm extractEntry src/core/parseHTML.js
93 silly gunzTarPerm extractEntry src/core/ready.js
94 silly gunzTarPerm extractEntry src/core/var/rsingleTag.js
95 silly gunzTarPerm extractEntry src/ajax/jsonp.js
96 silly gunzTarPerm extractEntry src/ajax/load.js
97 silly gunzTarPerm extractEntry src/ajax/parseJSON.js
98 silly gunzTarPerm extractEntry src/ajax/parseXML.js
99 silly gunzTarPerm extractEntry src/ajax/script.js
100 silly gunzTarPerm extractEntry src/ajax/xhr.js
101 silly gunzTarPerm extractEntry src/ajax/var/nonce.js
102 silly gunzTarPerm extractEntry src/ajax/var/rquery.js
103 silly gunzTarPerm extractEntry src/css/addGetHookIf.js
104 silly gunzTarPerm extractEntry src/css/curCSS.js
105 silly gunzTarPerm extractEntry src/css/defaultDisplay.js
106 silly gunzTarPerm extractEntry src/css/hiddenVisibleSelectors.js
107 silly gunzTarPerm extractEntry src/css/support.js
108 silly gunzTarPerm extractEntry src/css/swap.js
109 silly gunzTarPerm extractEntry src/css/var/cssExpand.js
110 silly gunzTarPerm extractEntry src/css/var/getStyles.js
111 silly gunzTarPerm extractEntry src/css/var/isHidden.js
112 silly gunzTarPerm extractEntry src/css/var/rmargin.js
113 silly gunzTarPerm extractEntry src/css/var/rnumnonpx.js
114 silly gunzTarPerm extractEntry src/attributes/attr.js
115 silly gunzTarPerm extractEntry src/attributes/classes.js
116 silly gunzTarPerm extractEntry src/attributes/prop.js
117 silly gunzTarPerm extractEntry src/attributes/support.js
118 silly gunzTarPerm extractEntry src/attributes/val.js
119 silly gunzTarPerm extractEntry src/manipulation/_evalUrl.js
120 silly gunzTarPerm extractEntry src/manipulation/support.js
121 silly gunzTarPerm extractEntry src/manipulation/var/rcheckableType.js
122 silly gunzTarPerm extractEntry src/sizzle/dist/sizzle.js
123 silly gunzTarPerm extractEntry src/sizzle/dist/sizzle.min.js
124 silly gunzTarPerm extractEntry src/sizzle/dist/sizzle.min.map
125 silly gunzTarPerm extractEntry src/sizzle/test/jquery.js
126 silly gunzTarPerm extractEntry src/sizzle/test/data/empty.js
127 silly gunzTarPerm extractEntry src/sizzle/test/data/testinit.js
128 silly gunzTarPerm extractEntry src/sizzle/test/data/mixed_sort.html
129 silly gunzTarPerm extractEntry src/sizzle/test/index.html
130 silly gunzTarPerm extractEntry src/sizzle/test/unit/extending.js
131 silly gunzTarPerm extractEntry src/sizzle/test/unit/selector.js
132 silly gunzTarPerm extractEntry src/sizzle/test/unit/utilities.js
133 silly gunzTarPerm extractEntry src/traversing/findFilter.js
134 silly gunzTarPerm extractEntry src/traversing/var/rneedsContext.js
135 silly gunzTarPerm extractEntry src/effects/Tween.js
136 silly gunzTarPerm extractEntry src/effects/animatedSelector.js
137 silly gunzTarPerm extractEntry src/var/arr.js
138 silly gunzTarPerm extractEntry src/var/concat.js
139 silly gunzTarPerm extractEntry src/var/hasOwn.js
140 silly gunzTarPerm extractEntry src/var/indexOf.js
141 silly gunzTarPerm extractEntry src/var/pnum.js
142 silly gunzTarPerm extractEntry src/var/class2type.js
143 silly gunzTarPerm extractEntry src/var/rnotwhite.js
144 silly gunzTarPerm extractEntry src/var/slice.js
145 silly gunzTarPerm extractEntry src/var/strundefined.js
146 silly gunzTarPerm extractEntry src/var/support.js
147 silly gunzTarPerm extractEntry src/var/toString.js
148 silly gunzTarPerm extractEntry src/var/push.js
149 silly gunzTarPerm extractEntry src/exports/amd.js
150 silly gunzTarPerm extractEntry src/exports/global.js
151 silly lockFile d39d6eae-ery-controls-node-modules-jquery tar:///Users/nickbottomley/Documents/dev/experiments/jquery-controls/node_modules/jquery
152 silly lockFile d39d6eae-ery-controls-node-modules-jquery tar:///Users/nickbottomley/Documents/dev/experiments/jquery-controls/node_modules/jquery
153 silly lockFile 9a329b8b-ley-npm-jquery-2-1-1-package-tgz tar:///Users/nickbottomley/.npm/jquery/2.1.1/package.tgz
154 silly lockFile 9a329b8b-ley-npm-jquery-2-1-1-package-tgz tar:///Users/nickbottomley/.npm/jquery/2.1.1/package.tgz
155 info preinstall jquery@2.1.1
156 verbose readDependencies using package.json deps
157 verbose readDependencies using package.json deps
158 silly resolved []
159 verbose about to build /Users/nickbottomley/Documents/dev/experiments/jquery-controls/node_modules/jquery
160 info build /Users/nickbottomley/Documents/dev/experiments/jquery-controls/node_modules/jquery
161 verbose linkStuff [ false,
161 verbose linkStuff   false,
161 verbose linkStuff   false,
161 verbose linkStuff   '/Users/nickbottomley/Documents/dev/experiments/jquery-controls/node_modules' ]
162 info linkStuff jquery@2.1.1
163 verbose linkBins jquery@2.1.1
164 verbose linkMans jquery@2.1.1
165 verbose rebuildBundles jquery@2.1.1
166 info install jquery@2.1.1
167 info postinstall jquery@2.1.1
168 error peerinvalid The package watchify does not satisfy its siblings' peerDependencies requirements!
168 error peerinvalid Peer gulp-watchify@0.2.0 wants watchify@^0.6.1
169 error System Darwin 13.3.0
170 error command "/usr/local/Cellar/node/0.10.26/bin/node" "/usr/local/bin/npm" "install" "--save-dev" "jquery"
171 error cwd /Users/nickbottomley/Documents/dev/experiments/jquery-controls
172 error node -v v0.10.26
173 error npm -v 1.4.3
174 error code EPEERINVALID
175 verbose exit [ 1, true ]
